[36m[1mâ•â•â•â•â•â•â•â•â•â•â•â•â•â•â•â•â•â•â•â•â•â•â•â•â•â•â•â•â•â•â•â•â•â•â•â•â•â•â•â•â•â•â•â•â•â•â•â•â•â•â•â•â•â•â•â•â•â•â•â•â•â•â•â•[0m
[36m[1m  AI ORCHESTRATION ENGINE[0m
[36m[1mâ•â•â•â•â•â•â•â•â•â•â•â•â•â•â•â•â•â•â•â•â•â•â•â•â•â•â•â•â•â•â•â•â•â•â•â•â•â•â•â•â•â•â•â•â•â•â•â•â•â•â•â•â•â•â•â•â•â•â•â•â•â•â•â•[0m

[1mTask file:[0m /home/geni/Projects/ai-debate/visual-loop/task_list.json
[1mTotal tasks:[0m 7
[1mStream filter:[0m visual

[1mProgress:[0m 0 completed, 0 failed

[33mâ”â”â”â”â”â”â”â”â”â”â”â”â”â”â”â”â”â”â”â”â”â”â”â”â”â”â”â”â”â”â”â”â”â”â”â”â”â”â”â”â”â”â”â”â”â”â”â”â”â”â”â”â”â”â”â”â”â”â”â”â”â”â”â”[0m
[1m[1/7] title-001[0m
[2mStream: visual[0m

Add a subtle shimmer effect to the 'Press Start' text on title screen - gentle opacity pulse

[2mExecuting: /home/geni/Projects/ai-debate/visual-loop/auto.sh "Add a subtle shimmer effect to the 'Press Start' text on title screen - gentle opacity pulse" --context-files "TitleScreen.tsx,TitleScreen.css" --verify-code "@keyframes.*shimmer|opacity.*animation|pulse" --no-stash[0m

[32mâœ“ Task completed[0m
[2mRunning typecheck...[0m
[31mâœ— TypeScript errors - reverting changes[0m
[33mâ”â”â”â”â”â”â”â”â”â”â”â”â”â”â”â”â”â”â”â”â”â”â”â”â”â”â”â”â”â”â”â”â”â”â”â”â”â”â”â”â”â”â”â”â”â”â”â”â”â”â”â”â”â”â”â”â”â”â”â”â”â”â”â”[0m
[1m[2/7] title-002[0m
[2mStream: visual[0m

Add a glowing border around the title text 'Vale Chronicles' using CSS box-shadow

[2mExecuting: /home/geni/Projects/ai-debate/visual-loop/auto.sh "Add a glowing border around the title text 'Vale Chronicles' using CSS box-shadow" --context-files "TitleScreen.tsx,TitleScreen.css" --verify-code "box-shadow.*glow|text-shadow" --no-stash[0m

[32mâœ“ Task completed[0m
[2mRunning typecheck...[0m
[31mâœ— TypeScript errors - reverting changes[0m
[33mâ”â”â”â”â”â”â”â”â”â”â”â”â”â”â”â”â”â”â”â”â”â”â”â”â”â”â”â”â”â”â”â”â”â”â”â”â”â”â”â”â”â”â”â”â”â”â”â”â”â”â”â”â”â”â”â”â”â”â”â”â”â”â”â”[0m
[1m[3/7] battle-001[0m
[2mStream: visual[0m

Add CSS class and keyframes for floating damage numbers - red color, float upward animation

[2mExecuting: /home/geni/Projects/ai-debate/visual-loop/auto.sh "Add CSS class and keyframes for floating damage numbers - red color, float upward animation" --context-files "battle-screen.css" --verify-code "damage-number|@keyframes.*float|float.*up" --no-stash[0m

[32mâœ“ Task completed[0m
[2mRunning typecheck...[0m
[31mâœ— TypeScript errors - reverting changes[0m
[33mâ”â”â”â”â”â”â”â”â”â”â”â”â”â”â”â”â”â”â”â”â”â”â”â”â”â”â”â”â”â”â”â”â”â”â”â”â”â”â”â”â”â”â”â”â”â”â”â”â”â”â”â”â”â”â”â”â”â”â”â”â”â”â”â”[0m
[1m[4/7] battle-002[0m
[2mStream: visual[0m

Add CSS class for unit shake animation when taking damage - subtle horizontal shake

[2mExecuting: /home/geni/Projects/ai-debate/visual-loop/auto.sh "Add CSS class for unit shake animation when taking damage - subtle horizontal shake" --context-files "battle-screen.css" --verify-code "@keyframes.*shake|transform.*translateX" --no-stash[0m

