[36m[1mâ•â•â•â•â•â•â•â•â•â•â•â•â•â•â•â•â•â•â•â•â•â•â•â•â•â•â•â•â•â•â•â•â•â•â•â•â•â•â•â•â•â•â•â•â•â•â•â•â•â•â•â•â•â•â•â•â•â•â•â•â•â•â•â•[0m
[36m[1m  AUTONOMOUS VISUAL DEV LOOP[0m
[36m[1mâ•â•â•â•â•â•â•â•â•â•â•â•â•â•â•â•â•â•â•â•â•â•â•â•â•â•â•â•â•â•â•â•â•â•â•â•â•â•â•â•â•â•â•â•â•â•â•â•â•â•â•â•â•â•â•â•â•â•â•â•â•â•â•â•[0m

[1mTask:[0m Add version number v0.1.0 in small text at bottom-right corner of title screen
[1mProject:[0m /home/geni/Documents/vale-village
[1mMax iterations:[0m 5

[33mâ–º Iteration 1 / 5[0m

[2mAsking AI for code changes...[0m
Proposed edits:
{"file":"src/ui/components/TitleScreen.tsx","search":"  return (
    <div className=\"title-screen\" onClick={() => setMode('main-menu')}>
      <div className=\"title-screen-content\">
        <h1 className=\"title-screen-logo\">Vale Chronicles</h1>
        <p className=\"title-screen-subtitle\">Press any key to continue</p>
      </div>
    </div>
  );
}
","replace":"  return (
    <div className=\"title-screen\" onClick={() => setMode('main-menu')}>
      <div className=\"title-screen-content\">
        <h1 className=\"title-screen-logo\">Vale Chronicles</h1>
        <p className=\"title-screen-subtitle\">Press any key to continue</p>
      </div>
      <div className=\"title-screen-version\">v0.1.0</div>
    </div>
  );
}
"}
{"file":"src/ui/components/TitleScreen.css","search":".title-screen-subtitle {
  margin: 0;
  font-size: 1.05rem;
  letter-spacing: 0.14em;
  text-transform: uppercase;
  color: #c0c8de;
  text-shadow: 0 2px 8px rgba(0, 0, 0, 0.55);
  animation: subtitlePulse 2s ease-in-out infinite alternate;
}

@keyframes menuAurora {
","replace":".title-screen-subtitle {
  margin: 0;
  font-size: 1.05rem;
  letter-spacing: 0.14em;
  text-transform: uppercase;
  color: #c0c8de;
  text-shadow: 0 2px 8px rgba(0, 0, 0, 0.55);
  animation: subtitlePulse 2s ease-in-out infinite alternate;
}

.title-screen-version {
  position: absolute;
  right: 18px;
  bottom: 14px;
  font-size: 0.8rem;
  letter-spacing: 0.08em;
  color: rgba(246, 233, 215, 0.72);
  text-shadow: 0 2px 6px rgba(0, 0, 0, 0.6);
  pointer-events: none;
}

@keyframes menuAurora {
"}
[2mEditing src/ui/components/TitleScreen.tsx...[0m
[2mEditing src/ui/components/TitleScreen.css...[0m
[2mStarting dev server...[0m
[32mDev server ready[0m
[2mTaking screenshot...[0m
Screenshot: /home/geni/Projects/ai-debate/visual-loop/runs/auto_20251127_091453/iter_1.png
[2mAnalyzing...[0m
Analysis: {"pass": false, "issues": "Version number v0.1.0 is missing from the bottom-right corner of the title screen", "next_action": "Add a small v0.1.0 label to the bottom-right corner of the title screen"}

[31mIssues:[0m Version number v0.1.0 is missing from the bottom-right corner of the title screen
[33mFeedback for next iteration:[0m Add a small v0.1.0 label to the bottom-right corner of the title screen

[33mâ–º Iteration 2 / 5[0m

[2mAsking AI for code changes...[0m
Proposed edits:
{"file":"src/ui/components/TitleScreen.tsx","search":"    <div className=\"title-screen\" onClick={() => setMode('main-menu')}>
      <div className=\"title-screen-content\">
        <h1 className=\"title-screen-logo\">Vale Chronicles</h1>
        <p className=\"title-screen-subtitle\">Press any key to continue</p>
      </div>
    </div>","replace":"    <div className=\"title-screen\" onClick={() => setMode('main-menu')}>
      <div className=\"title-screen-content\">
        <h1 className=\"title-screen-logo\">Vale Chronicles</h1>
        <p className=\"title-screen-subtitle\">Press any key to continue</p>
      </div>
      <div className=\"title-screen-version\">v0.1.0</div>
    </div>"}
{"file":"src/ui/components/TitleScreen.css","search":".title-screen-subtitle {
  margin: 0;
  font-size: 1.05rem;
  letter-spacing: 0.14em;
  text-transform: uppercase;
  color: #c0c8de;
  text-shadow: 0 2px 8px rgba(0, 0, 0, 0.55);
  animation: subtitlePulse 2s ease-in-out infinite alternate;
}
","replace":".title-screen-subtitle {
  margin: 0;
  font-size: 1.05rem;
  letter-spacing: 0.14em;
  text-transform: uppercase;
  color: #c0c8de;
  text-shadow: 0 2px 8px rgba(0, 0, 0, 0.55);
  animation: subtitlePulse 2s ease-in-out infinite alternate;
}

.title-screen-version {
  position: absolute;
  bottom: 18px;
  right: 22px;
  padding: 0.35rem 0.7rem;
  border-radius: 999px;
  font-size: 0.85rem;
  letter-spacing: 0.1em;
  text-transform: uppercase;
  color: rgba(246, 233, 215, 0.78);
  background: rgba(8, 11, 20, 0.68);
  border: 1px solid rgba(255, 216, 127, 0.18);
  box-shadow: 0 14px 30px rgba(0, 0, 0, 0.45);
  pointer-events: none;
  z-index: 1;
}
"}
[2mEditing src/ui/components/TitleScreen.tsx...[0m
[2mEditing src/ui/components/TitleScreen.css...[0m
[2mStarting dev server...[0m
[32mDev server ready[0m
[2mTaking screenshot...[0m
Screenshot: /home/geni/Projects/ai-debate/visual-loop/runs/auto_20251127_091453/iter_2.png
[2mAnalyzing...[0m
Analysis: {"pass": true, "issues": "none", "next_action": "done"}

[32m[1mâ•â•â•â•â•â•â•â•â•â•â•â•â•â•â•â•â•â•â•â•â•â•â•â•â•â•â•â•â•â•â•â•â•â•â•â•â•â•â•â•â•â•â•â•â•â•â•â•â•â•â•â•â•â•â•â•â•â•â•â•â•â•â•â•[0m
[32m[1m  âœ“ TASK COMPLETE (iteration 2)[0m
[32m[1mâ•â•â•â•â•â•â•â•â•â•â•â•â•â•â•â•â•â•â•â•â•â•â•â•â•â•â•â•â•â•â•â•â•â•â•â•â•â•â•â•â•â•â•â•â•â•â•â•â•â•â•â•â•â•â•â•â•â•â•â•â•â•â•â•[0m

Final screenshot: /home/geni/Projects/ai-debate/visual-loop/runs/auto_20251127_091453/iter_2.png
Session log: /home/geni/Projects/ai-debate/visual-loop/runs/auto_20251127_091453
