[36m[1mâ•â•â•â•â•â•â•â•â•â•â•â•â•â•â•â•â•â•â•â•â•â•â•â•â•â•â•â•â•â•â•â•â•â•â•â•â•â•â•â•â•â•â•â•â•â•â•â•â•â•â•â•â•â•â•â•â•â•â•â•â•â•â•â•[0m
[36m[1m  AI ORCHESTRATION ENGINE[0m
[36m[1mâ•â•â•â•â•â•â•â•â•â•â•â•â•â•â•â•â•â•â•â•â•â•â•â•â•â•â•â•â•â•â•â•â•â•â•â•â•â•â•â•â•â•â•â•â•â•â•â•â•â•â•â•â•â•â•â•â•â•â•â•â•â•â•â•[0m

[1mTask file:[0m /home/geni/Projects/ai-debate/visual-loop/task_list.json
[1mTotal tasks:[0m 7

[1mProgress:[0m 0 completed, 0 failed

[33mâ”â”â”â”â”â”â”â”â”â”â”â”â”â”â”â”â”â”â”â”â”â”â”â”â”â”â”â”â”â”â”â”â”â”â”â”â”â”â”â”â”â”â”â”â”â”â”â”â”â”â”â”â”â”â”â”â”â”â”â”â”â”â”â”[0m
[1m[1/7] title-001[0m
[2mStream: visual[0m

Add a subtle shimmer effect to the 'Press Start' text on title screen - gentle opacity pulse


[33mHuman review required. Press ENTER to proceed, 's' to skip, 'q' to quit:[0m
[2mExecuting: /home/geni/Projects/ai-debate/visual-loop/auto.sh "Add a subtle shimmer effect to the 'Press Start' text on title screen - gentle opacity pulse" --context-files "TitleScreen.tsx,TitleScreen.css" --verify-code "@keyframes.*shimmer|opacity.*animation|pulse" --no-stash[0m

[32mâœ“ Task completed[0m
[2mChanges committed[0m

[33mâ”â”â”â”â”â”â”â”â”â”â”â”â”â”â”â”â”â”â”â”â”â”â”â”â”â”â”â”â”â”â”â”â”â”â”â”â”â”â”â”â”â”â”â”â”â”â”â”â”â”â”â”â”â”â”â”â”â”â”â”â”â”â”â”[0m
[1m[2/7] title-002[0m
[2mStream: visual[0m

Add a glowing border around the title text 'Vale Chronicles' using CSS box-shadow


[33mHuman review required. Press ENTER to proceed, 's' to skip, 'q' to quit:[0m
[2mExecuting: /home/geni/Projects/ai-debate/visual-loop/auto.sh "Add a glowing border around the title text 'Vale Chronicles' using CSS box-shadow" --context-files "TitleScreen.tsx,TitleScreen.css" --verify-code "box-shadow.*glow|text-shadow" --no-stash[0m

[32mâœ“ Task completed[0m
[2mChanges committed[0m

[33mâ”â”â”â”â”â”â”â”â”â”â”â”â”â”â”â”â”â”â”â”â”â”â”â”â”â”â”â”â”â”â”â”â”â”â”â”â”â”â”â”â”â”â”â”â”â”â”â”â”â”â”â”â”â”â”â”â”â”â”â”â”â”â”â”[0m
[1m[3/7] battle-001[0m
[2mStream: visual[0m

Add CSS class and keyframes for floating damage numbers - red color, float upward animation


[33mHuman review required. Press ENTER to proceed, 's' to skip, 'q' to quit:[0m
[2mExecuting: /home/geni/Projects/ai-debate/visual-loop/auto.sh "Add CSS class and keyframes for floating damage numbers - red color, float upward animation" --context-files "QueueBattleView.css" --verify-code "damage-number|@keyframes.*float|float.*up" --no-stash[0m

[31mâœ— Task failed (exit 1)[0m
[2mSee: /home/geni/Projects/ai-debate/visual-loop/runs/orchestrate_20251127_200629/battle-001.log[0m
[2mChanges reverted[0m

[33mâ”â”â”â”â”â”â”â”â”â”â”â”â”â”â”â”â”â”â”â”â”â”â”â”â”â”â”â”â”â”â”â”â”â”â”â”â”â”â”â”â”â”â”â”â”â”â”â”â”â”â”â”â”â”â”â”â”â”â”â”â”â”â”â”[0m
[1m[4/7] battle-002[0m
[2mStream: visual[0m

Add CSS class for unit shake animation when taking damage - subtle horizontal shake


[33mHuman review required. Press ENTER to proceed, 's' to skip, 'q' to quit:[0m
[2mExecuting: /home/geni/Projects/ai-debate/visual-loop/auto.sh "Add CSS class for unit shake animation when taking damage - subtle horizontal shake" --context-files "QueueBattleView.css,UnitCard.css" --verify-code "@keyframes.*shake|transform.*translateX" --no-stash[0m

[31mâœ— Task failed (exit 1)[0m
[2mSee: /home/geni/Projects/ai-debate/visual-loop/runs/orchestrate_20251127_200629/battle-002.log[0m
[2mChanges reverted[0m

[33mâ”â”â”â”â”â”â”â”â”â”â”â”â”â”â”â”â”â”â”â”â”â”â”â”â”â”â”â”â”â”â”â”â”â”â”â”â”â”â”â”â”â”â”â”â”â”â”â”â”â”â”â”â”â”â”â”â”â”â”â”â”â”â”â”[0m
[1m[5/7] battle-003[0m
[2mStream: visual[0m

Add CSS class for active unit highlight - glowing golden border


[33mHuman review required. Press ENTER to proceed, 's' to skip, 'q' to quit:[0m
[2mExecuting: /home/geni/Projects/ai-debate/visual-loop/auto.sh "Add CSS class for active unit highlight - glowing golden border" --context-files "QueueBattleView.css,UnitCard.css" --verify-code "active.*unit|unit.*active|box-shadow.*gold" --no-stash[0m

[31mâœ— Task failed (exit 1)[0m
[2mSee: /home/geni/Projects/ai-debate/visual-loop/runs/orchestrate_20251127_200629/battle-003.log[0m
[2mChanges reverted[0m

[33mâ”â”â”â”â”â”â”â”â”â”â”â”â”â”â”â”â”â”â”â”â”â”â”â”â”â”â”â”â”â”â”â”â”â”â”â”â”â”â”â”â”â”â”â”â”â”â”â”â”â”â”â”â”â”â”â”â”â”â”â”â”â”â”â”[0m
[1m[6/7] core-001[0m
[2mStream: core[0m

Add helper function selectLowHPTarget in enemyAI.ts that returns the enemy with lowest HP percentage


[33mHuman review required. Press ENTER to proceed, 's' to skip, 'q' to quit:[0m
[2mExecuting: /home/geni/Projects/ai-debate/visual-loop/auto.sh "Add helper function selectLowHPTarget in enemyAI.ts that returns the enemy with lowest HP percentage" --context-files "enemyAI.ts,BattleService.ts" --verify-code "selectLowHPTarget|lowest.*hp|hp.*percent" --no-stash[0m

