[36m[1mâ•â•â•â•â•â•â•â•â•â•â•â•â•â•â•â•â•â•â•â•â•â•â•â•â•â•â•â•â•â•â•â•â•â•â•â•â•â•â•â•â•â•â•â•â•â•â•â•â•â•â•â•â•â•â•â•â•â•â•â•â•â•â•â•[0m
[36m[1m  AUTONOMOUS CODE DEV LOOP[0m
[36m[1mâ•â•â•â•â•â•â•â•â•â•â•â•â•â•â•â•â•â•â•â•â•â•â•â•â•â•â•â•â•â•â•â•â•â•â•â•â•â•â•â•â•â•â•â•â•â•â•â•â•â•â•â•â•â•â•â•â•â•â•â•â•â•â•â•[0m

[1mTask:[0m Add a glowing border around the title text 'Vale Chronicles' using CSS box-shadow
[1mProject:[0m /home/geni/Documents/vale-village
[1mMax iterations:[0m 5
[1mCode verify:[0m 'box-shadow.*glow|text-shadow' [2m(skipping vision)[0m

[2mSkipping git checkpoint (--no-stash)[0m
[33mâ–º Iteration 1 / 5[0m

[2mDetecting relevant files...[0m
[2mFound: src/ui/components/TitleScreen.tsx src/ui/components/TitleScreen.css [0m
[2mAsking AI for code changes...[0m
Proposed edits:
{"file": "src/ui/components/TitleScreen.css", "search": ".title-screen-logo {
  font-size: 4.2rem;
  font-weight: 800;
  letter-spacing: 0.2em;
  margin: 0 0 1.2rem 0;
  text-transform: uppercase;
  background: linear-gradient(125deg, #f9e4b2 0%, #f2c572 45%, #ffe7a4 100%);
  -webkit-background-clip: text;
  -webkit-text-fill-color: transparent;
  background-clip: text;
  text-shadow:
    0 10px 25px rgba(0, 0, 0, 0.55),
    0 0 30px rgba(249, 214, 127, 0.25);
}
", "replace": ".title-screen-logo {
  font-size: 4.2rem;
  font-weight: 800;
  letter-spacing: 0.2em;
  margin: 0 0 1.2rem 0;
  display: inline-block;
  padding: 0.9rem 1.5rem;
  border-radius: 18px;
  text-transform: uppercase;
  background: linear-gradient(125deg, #f9e4b2 0%, #f2c572 45%, #ffe7a4 100%);
  -webkit-background-clip: text;
  -webkit-text-fill-color: transparent;
  background-clip: text;
  text-shadow:
    0 10px 25px rgba(0, 0, 0, 0.55),
    0 0 30px rgba(249, 214, 127, 0.25);
  box-shadow:
    0 0 0 2px rgba(255, 216, 127, 0.45),
    0 0 26px rgba(255, 216, 127, 0.32),
    0 0 54px rgba(242, 197, 114, 0.28);
}
"}
[33mâš  Multiple matches (31) in src/ui/components/TitleScreen.css - applying to first[0m
[2mEditing src/ui/components/TitleScreen.css...[0m
[32mâœ“ Changes detected:[0m
 src/ui/components/TitleScreen.css | 7 +++++++
 1 file changed, 7 insertions(+)
[32mâœ“ Code check: Found pattern 'box-shadow.*glow|text-shadow'[0m

[32m[1mâ•â•â•â•â•â•â•â•â•â•â•â•â•â•â•â•â•â•â•â•â•â•â•â•â•â•â•â•â•â•â•â•â•â•â•â•â•â•â•â•â•â•â•â•â•â•â•â•â•â•â•â•â•â•â•â•â•â•â•â•â•â•â•â•[0m
[32m[1m  âœ“ TASK COMPLETE (iteration 1) - code verified[0m
[32m[1mâ•â•â•â•â•â•â•â•â•â•â•â•â•â•â•â•â•â•â•â•â•â•â•â•â•â•â•â•â•â•â•â•â•â•â•â•â•â•â•â•â•â•â•â•â•â•â•â•â•â•â•â•â•â•â•â•â•â•â•â•â•â•â•â•[0m

Session log: /home/geni/Projects/ai-debate/visual-loop/runs/auto_20251127_201232

[1mMetrics:[0m
  Duration: 48s
  Edits applied: 0
  Edits failed: 0
