[36m[1mâ•â•â•â•â•â•â•â•â•â•â•â•â•â•â•â•â•â•â•â•â•â•â•â•â•â•â•â•â•â•â•â•â•â•â•â•â•â•â•â•â•â•â•â•â•â•â•â•â•â•â•â•â•â•â•â•â•â•â•â•â•â•â•â•[0m
[36m[1m  AI ORCHESTRATION ENGINE[0m
[36m[1mâ•â•â•â•â•â•â•â•â•â•â•â•â•â•â•â•â•â•â•â•â•â•â•â•â•â•â•â•â•â•â•â•â•â•â•â•â•â•â•â•â•â•â•â•â•â•â•â•â•â•â•â•â•â•â•â•â•â•â•â•â•â•â•â•[0m

[1mTask file:[0m /home/geni/Projects/ai-debate/visual-loop/task_list.json
[1mTotal tasks:[0m 10
[33mDRY RUN MODE[0m

[1mProgress:[0m 0 completed, 0 failed

[33mâ”â”â”â”â”â”â”â”â”â”â”â”â”â”â”â”â”â”â”â”â”â”â”â”â”â”â”â”â”â”â”â”â”â”â”â”â”â”â”â”â”â”â”â”â”â”â”â”â”â”â”â”â”â”â”â”â”â”â”â”â”â”â”â”[0m
[1m[1/10] visual-001[0m
[2mStream: visual[0m

Add floating damage numbers that appear above units when they take damage - red for damage, green for healing

[2m[dry-run] Would execute: auto.sh "Add floating damage numbers that appear above units when they take damage - red for damage, green for healing"[0m
[2m  --context-files "QueueBattleView.tsx,QueueBattleView.css"[0m
[2m  --expect "damage-number"[0m
[33mâ”â”â”â”â”â”â”â”â”â”â”â”â”â”â”â”â”â”â”â”â”â”â”â”â”â”â”â”â”â”â”â”â”â”â”â”â”â”â”â”â”â”â”â”â”â”â”â”â”â”â”â”â”â”â”â”â”â”â”â”â”â”â”â”[0m
[1m[2/10] visual-002[0m
[2mStream: visual[0m

Add a subtle shake animation to unit cards when they take damage

[2m[dry-run] Would execute: auto.sh "Add a subtle shake animation to unit cards when they take damage"[0m
[2m  --context-files "UnitCard.tsx,UnitCard.css"[0m
[2m  --verify-code "shake|wobble"[0m
[33mâ”â”â”â”â”â”â”â”â”â”â”â”â”â”â”â”â”â”â”â”â”â”â”â”â”â”â”â”â”â”â”â”â”â”â”â”â”â”â”â”â”â”â”â”â”â”â”â”â”â”â”â”â”â”â”â”â”â”â”â”â”â”â”â”[0m
[1m[3/10] visual-003[0m
[2mStream: visual[0m

Add attack animation - unit card briefly moves toward target then back

[2m[dry-run] Would execute: auto.sh "Add attack animation - unit card briefly moves toward target then back"[0m
[2m  --context-files "QueueBattleView.tsx,QueueBattleView.css"[0m
[2m  --verify-code "attack.*animation|@keyframes.*attack"[0m
[33mâ”â”â”â”â”â”â”â”â”â”â”â”â”â”â”â”â”â”â”â”â”â”â”â”â”â”â”â”â”â”â”â”â”â”â”â”â”â”â”â”â”â”â”â”â”â”â”â”â”â”â”â”â”â”â”â”â”â”â”â”â”â”â”â”[0m
[1m[4/10] visual-004[0m
[2mStream: visual[0m

Add visual indicator showing which unit is currently acting (glowing border or highlight)

[2m[dry-run] Would execute: auto.sh "Add visual indicator showing which unit is currently acting (glowing border or highlight)"[0m
[2m  --context-files "QueueBattleView.tsx,QueueBattleView.css"[0m
[2m  --expect "active-unit"[0m
[33mâ”â”â”â”â”â”â”â”â”â”â”â”â”â”â”â”â”â”â”â”â”â”â”â”â”â”â”â”â”â”â”â”â”â”â”â”â”â”â”â”â”â”â”â”â”â”â”â”â”â”â”â”â”â”â”â”â”â”â”â”â”â”â”â”[0m
[1m[5/10] visual-005[0m
[2mStream: visual[0m

Show equipment icons next to unit stats in battle view (small weapon/armor icons)

[2m[dry-run] Would execute: auto.sh "Show equipment icons next to unit stats in battle view (small weapon/armor icons)"[0m
[2m  --context-files "UnitCard.tsx,UnitCard.css"[0m
[2m  --expect "equipment-icon"[0m
[33mâ”â”â”â”â”â”â”â”â”â”â”â”â”â”â”â”â”â”â”â”â”â”â”â”â”â”â”â”â”â”â”â”â”â”â”â”â”â”â”â”â”â”â”â”â”â”â”â”â”â”â”â”â”â”â”â”â”â”â”â”â”â”â”â”[0m
[1m[6/10] content-001[0m
[2mStream: content[0m

Add missing dialogue content for House 10 encounter - a mysterious merchant

[2m[dry-run] Would execute: auto.sh "Add missing dialogue content for House 10 encounter - a mysterious merchant"[0m
[2m  --context-files "dialogues.ts,DialogueBox.tsx"[0m
[2m  --verify-code "house.*10|merchant"[0m
[33mâ”â”â”â”â”â”â”â”â”â”â”â”â”â”â”â”â”â”â”â”â”â”â”â”â”â”â”â”â”â”â”â”â”â”â”â”â”â”â”â”â”â”â”â”â”â”â”â”â”â”â”â”â”â”â”â”â”â”â”â”â”â”â”â”[0m
[1m[7/10] content-002[0m
[2mStream: content[0m

Add missing dialogue content for House 11 encounter - an old sage

[2m[dry-run] Would execute: auto.sh "Add missing dialogue content for House 11 encounter - an old sage"[0m
[2m  --context-files "dialogues.ts"[0m
[2m  --verify-code "house.*11|sage"[0m
[33mâ”â”â”â”â”â”â”â”â”â”â”â”â”â”â”â”â”â”â”â”â”â”â”â”â”â”â”â”â”â”â”â”â”â”â”â”â”â”â”â”â”â”â”â”â”â”â”â”â”â”â”â”â”â”â”â”â”â”â”â”â”â”â”â”[0m
[1m[8/10] core-001[0m
[2mStream: core[0m

Improve enemy AI to prioritize low HP targets when dealing damage

[2m[dry-run] Would execute: auto.sh "Improve enemy AI to prioritize low HP targets when dealing damage"[0m
[2m  --context-files "BattleService.ts,enemyAI.ts"[0m
[2m  --verify-code "lowHP|prioritize|target.*selection"[0m
[33mâ”â”â”â”â”â”â”â”â”â”â”â”â”â”â”â”â”â”â”â”â”â”â”â”â”â”â”â”â”â”â”â”â”â”â”â”â”â”â”â”â”â”â”â”â”â”â”â”â”â”â”â”â”â”â”â”â”â”â”â”â”â”â”â”[0m
[1m[9/10] core-002[0m
[2mStream: core[0m

Add enemy AI behavior to use healing abilities when allies are below 30% HP

[2m[dry-run] Would execute: auto.sh "Add enemy AI behavior to use healing abilities when allies are below 30% HP"[0m
[2m  --context-files "enemyAI.ts,BattleService.ts"[0m
[2m  --verify-code "heal.*ally|ally.*hp|30.*percent"[0m
[33mâ”â”â”â”â”â”â”â”â”â”â”â”â”â”â”â”â”â”â”â”â”â”â”â”â”â”â”â”â”â”â”â”â”â”â”â”â”â”â”â”â”â”â”â”â”â”â”â”â”â”â”â”â”â”â”â”â”â”â”â”â”â”â”â”[0m
[1m[10/10] polish-001[0m
[2mStream: polish[0m

Add keyboard shortcuts: Q for auto-attack, W/E/R for abilities 1-3

[2m[dry-run] Would execute: auto.sh "Add keyboard shortcuts: Q for auto-attack, W/E/R for abilities 1-3"[0m
[2m  --context-files "QueueBattleView.tsx"[0m
[2m  --verify-code "keydown|KeyQ|KeyW|KeyE|KeyR"[0m

[36m[1mâ•â•â•â•â•â•â•â•â•â•â•â•â•â•â•â•â•â•â•â•â•â•â•â•â•â•â•â•â•â•â•â•â•â•â•â•â•â•â•â•â•â•â•â•â•â•â•â•â•â•â•â•â•â•â•â•â•â•â•â•â•â•â•â•[0m
[36m[1m  ORCHESTRATION COMPLETE[0m
[36m[1mâ•â•â•â•â•â•â•â•â•â•â•â•â•â•â•â•â•â•â•â•â•â•â•â•â•â•â•â•â•â•â•â•â•â•â•â•â•â•â•â•â•â•â•â•â•â•â•â•â•â•â•â•â•â•â•â•â•â•â•â•â•â•â•â•[0m

[1mResults:[0m
  Succeeded: 0
  Skipped:   0
  Failed:    0

Session log: /home/geni/Projects/ai-debate/visual-loop/runs/orchestrate_20251127_200320
Progress file: /home/geni/Projects/ai-debate/visual-loop/.orchestrate_progress
