[36m[1mâ•â•â•â•â•â•â•â•â•â•â•â•â•â•â•â•â•â•â•â•â•â•â•â•â•â•â•â•â•â•â•â•â•â•â•â•â•â•â•â•â•â•â•â•â•â•â•â•â•â•â•â•â•â•â•â•â•â•â•â•â•â•â•â•[0m
[36m[1m  AUTONOMOUS CODE DEV LOOP[0m
[36m[1mâ•â•â•â•â•â•â•â•â•â•â•â•â•â•â•â•â•â•â•â•â•â•â•â•â•â•â•â•â•â•â•â•â•â•â•â•â•â•â•â•â•â•â•â•â•â•â•â•â•â•â•â•â•â•â•â•â•â•â•â•â•â•â•â•[0m

[1mTask:[0m Add CSS class and keyframes for floating damage numbers - red color, float upward animation
[1mProject:[0m /home/geni/Documents/vale-village
[1mMax iterations:[0m 5
[1mCode verify:[0m 'damage-number|@keyframes.*float|float.*up' [2m(skipping vision)[0m

[2mSkipping git checkpoint (--no-stash)[0m
[33mâ–º Iteration 1 / 5[0m

[2mDetecting relevant files...[0m
[2mFound: src/ui/styles/battle-screen.css [0m
[2mAsking AI for code changes...[0m
Proposed edits:

[33mâš  No git diff detected - edits may have failed[0m
[32mâœ“ Code check: Found pattern 'damage-number|@keyframes.*float|float.*up'[0m

[32m[1mâ•â•â•â•â•â•â•â•â•â•â•â•â•â•â•â•â•â•â•â•â•â•â•â•â•â•â•â•â•â•â•â•â•â•â•â•â•â•â•â•â•â•â•â•â•â•â•â•â•â•â•â•â•â•â•â•â•â•â•â•â•â•â•â•[0m
[32m[1m  âœ“ TASK COMPLETE (iteration 1) - code verified[0m
[32m[1mâ•â•â•â•â•â•â•â•â•â•â•â•â•â•â•â•â•â•â•â•â•â•â•â•â•â•â•â•â•â•â•â•â•â•â•â•â•â•â•â•â•â•â•â•â•â•â•â•â•â•â•â•â•â•â•â•â•â•â•â•â•â•â•â•[0m

Session log: /home/geni/Projects/ai-debate/visual-loop/runs/auto_20251127_202000

[1mMetrics:[0m
  Duration: 0s
  Edits applied: 0
  Edits failed: 0
