[36m[1mâ•â•â•â•â•â•â•â•â•â•â•â•â•â•â•â•â•â•â•â•â•â•â•â•â•â•â•â•â•â•â•â•â•â•â•â•â•â•â•â•â•â•â•â•â•â•â•â•â•â•â•â•â•â•â•â•â•â•â•â•â•â•â•â•[0m
[36m[1m  AUTONOMOUS CODE DEV LOOP[0m
[36m[1mâ•â•â•â•â•â•â•â•â•â•â•â•â•â•â•â•â•â•â•â•â•â•â•â•â•â•â•â•â•â•â•â•â•â•â•â•â•â•â•â•â•â•â•â•â•â•â•â•â•â•â•â•â•â•â•â•â•â•â•â•â•â•â•â•[0m

[1mTask:[0m Add CSS class for active unit highlight - glowing golden border
[1mProject:[0m /home/geni/Documents/vale-village
[1mMax iterations:[0m 5
[1mCode verify:[0m 'active.*unit|unit.*active|box-shadow.*gold' [2m(skipping vision)[0m

[2mSkipping git checkpoint (--no-stash)[0m
[33mâ–º Iteration 1 / 5[0m

[2mDetecting relevant files...[0m
[2mFound: src/ui/styles/battle-screen.css [0m
[2mAsking AI for code changes...[0m
Proposed edits:
{"file":"src/ui/styles/battle-screen.css","search":".battlefield-unit.targetable {
  outline: 2px solid #fff59d;
}

.battlefield-unit--current {
  box-shadow: 0 0 6px 2px rgba(255, 235, 59, 0.7);
}

@keyframes unit-shake {
","replace":".battlefield-unit.targetable {
  outline: 2px solid #fff59d;
}

.battlefield-unit--current {
  box-shadow: 0 0 6px 2px rgba(255, 235, 59, 0.7);
}

.battlefield-unit--active {
  border: 2px solid #ffd54f;
  box-shadow: 0 0 12px 4px rgba(255, 213, 79, 0.75), inset 0 0 4px rgba(255, 235, 59, 0.5);
}

@keyframes unit-shake {
"}
[33mâš  Multiple matches (749) in src/ui/styles/battle-screen.css - applying to first[0m
[2mEditing src/ui/styles/battle-screen.css...[0m
[33mâš  No git diff detected - edits may have failed[0m
[32mâœ“ Code check: Found pattern 'active.*unit|unit.*active|box-shadow.*gold'[0m

[32m[1mâ•â•â•â•â•â•â•â•â•â•â•â•â•â•â•â•â•â•â•â•â•â•â•â•â•â•â•â•â•â•â•â•â•â•â•â•â•â•â•â•â•â•â•â•â•â•â•â•â•â•â•â•â•â•â•â•â•â•â•â•â•â•â•â•[0m
[32m[1m  âœ“ TASK COMPLETE (iteration 1) - code verified[0m
[32m[1mâ•â•â•â•â•â•â•â•â•â•â•â•â•â•â•â•â•â•â•â•â•â•â•â•â•â•â•â•â•â•â•â•â•â•â•â•â•â•â•â•â•â•â•â•â•â•â•â•â•â•â•â•â•â•â•â•â•â•â•â•â•â•â•â•[0m

Session log: /home/geni/Projects/ai-debate/visual-loop/runs/auto_20251127_202140

[1mMetrics:[0m
  Duration: 139s
  Edits applied: 0
  Edits failed: 0
