[36m[1mâ•â•â•â•â•â•â•â•â•â•â•â•â•â•â•â•â•â•â•â•â•â•â•â•â•â•â•â•â•â•â•â•â•â•â•â•â•â•â•â•â•â•â•â•â•â•â•â•â•â•â•â•â•â•â•â•â•â•â•â•â•â•â•â•[0m
[36m[1m  AUTONOMOUS CODE DEV LOOP[0m
[36m[1mâ•â•â•â•â•â•â•â•â•â•â•â•â•â•â•â•â•â•â•â•â•â•â•â•â•â•â•â•â•â•â•â•â•â•â•â•â•â•â•â•â•â•â•â•â•â•â•â•â•â•â•â•â•â•â•â•â•â•â•â•â•â•â•â•[0m

[1mTask:[0m Add CSS class for unit shake animation when taking damage - subtle horizontal shake
[1mProject:[0m /home/geni/Documents/vale-village
[1mMax iterations:[0m 5
[1mCode verify:[0m '@keyframes.*shake|transform.*translateX' [2m(skipping vision)[0m

[2mSkipping git checkpoint (--no-stash)[0m
[33mâ–º Iteration 1 / 5[0m

[2mDetecting relevant files...[0m
[2mFound: src/ui/styles/battle-screen.css [0m
[2mAsking AI for code changes...[0m
Proposed edits:
{"file":"src/ui/styles/battle-screen.css","search":".battlefield-unit--current {
  box-shadow: 0 0 6px 2px rgba(255, 235, 59, 0.7);
}

/* Bottom: command, abilities, queue, mana, log */
.bottom-row {
  grid-row: 4 / 5;
  display: grid;
  grid-template-columns: 0.8fr 1.1fr 0.6fr;
  gap: 8px;
}
","replace":".battlefield-unit--current {
  box-shadow: 0 0 6px 2px rgba(255, 235, 59, 0.7);
}

@keyframes unit-shake {
  0% {
    transform: translateX(0);
  }
  20% {
    transform: translateX(-3px);
  }
  40% {
    transform: translateX(3px);
  }
  60% {
    transform: translateX(-2px);
  }
  80% {
    transform: translateX(2px);
  }
  100% {
    transform: translateX(0);
  }
}

.unit-shake {
  animation: unit-shake 300ms ease-in-out;
}

/* Bottom: command, abilities, queue, mana, log */
.bottom-row {
  grid-row: 4 / 5;
  display: grid;
  grid-template-columns: 0.8fr 1.1fr 0.6fr;
  gap: 8px;
}
"}
[33mâš  Multiple matches (749) in src/ui/styles/battle-screen.css - applying to first[0m
[2mEditing src/ui/styles/battle-screen.css...[0m
[32mâœ“ Changes detected:[0m
 src/core/services/index.ts      |  2 +-
 src/ui/styles/battle-screen.css | 25 +++++++++++++++++++++++++
 2 files changed, 26 insertions(+), 1 deletion(-)
[32mâœ“ Code check: Found pattern '@keyframes.*shake|transform.*translateX'[0m

[32m[1mâ•â•â•â•â•â•â•â•â•â•â•â•â•â•â•â•â•â•â•â•â•â•â•â•â•â•â•â•â•â•â•â•â•â•â•â•â•â•â•â•â•â•â•â•â•â•â•â•â•â•â•â•â•â•â•â•â•â•â•â•â•â•â•â•[0m
[32m[1m  âœ“ TASK COMPLETE (iteration 1) - code verified[0m
[32m[1mâ•â•â•â•â•â•â•â•â•â•â•â•â•â•â•â•â•â•â•â•â•â•â•â•â•â•â•â•â•â•â•â•â•â•â•â•â•â•â•â•â•â•â•â•â•â•â•â•â•â•â•â•â•â•â•â•â•â•â•â•â•â•â•â•[0m

Session log: /home/geni/Projects/ai-debate/visual-loop/runs/auto_20251127_202000

[1mMetrics:[0m
  Duration: 100s
  Edits applied: 0
  Edits failed: 0
