[36m[1mâ•â•â•â•â•â•â•â•â•â•â•â•â•â•â•â•â•â•â•â•â•â•â•â•â•â•â•â•â•â•â•â•â•â•â•â•â•â•â•â•â•â•â•â•â•â•â•â•â•â•â•â•â•â•â•â•â•â•â•â•â•â•â•â•[0m
[36m[1m  AI ORCHESTRATION ENGINE[0m
[36m[1mâ•â•â•â•â•â•â•â•â•â•â•â•â•â•â•â•â•â•â•â•â•â•â•â•â•â•â•â•â•â•â•â•â•â•â•â•â•â•â•â•â•â•â•â•â•â•â•â•â•â•â•â•â•â•â•â•â•â•â•â•â•â•â•â•[0m

[1mTask file:[0m /home/geni/Projects/ai-debate/visual-loop/task_list.json
[1mTotal tasks:[0m 7

[1mProgress:[0m 0 completed, 0 failed

[33mâ”â”â”â”â”â”â”â”â”â”â”â”â”â”â”â”â”â”â”â”â”â”â”â”â”â”â”â”â”â”â”â”â”â”â”â”â”â”â”â”â”â”â”â”â”â”â”â”â”â”â”â”â”â”â”â”â”â”â”â”â”â”â”â”[0m
[1m[3/7] battle-001[0m
[2mStream: visual[0m

Add CSS class and keyframes for floating damage numbers - red color, float upward animation

[2mExecuting: /home/geni/Projects/ai-debate/visual-loop/auto.sh "Add CSS class and keyframes for floating damage numbers - red color, float upward animation" --context-files "battle-screen.css" --verify-code "damage-number|@keyframes.*float|float.*up" --no-stash[0m

[32mâœ“ Task completed[0m

[33mâ”â”â”â”â”â”â”â”â”â”â”â”â”â”â”â”â”â”â”â”â”â”â”â”â”â”â”â”â”â”â”â”â”â”â”â”â”â”â”â”â”â”â”â”â”â”â”â”â”â”â”â”â”â”â”â”â”â”â”â”â”â”â”â”[0m
[1m[4/7] battle-002[0m
[2mStream: visual[0m

Add CSS class for unit shake animation when taking damage - subtle horizontal shake

[2mExecuting: /home/geni/Projects/ai-debate/visual-loop/auto.sh "Add CSS class for unit shake animation when taking damage - subtle horizontal shake" --context-files "battle-screen.css" --verify-code "@keyframes.*shake|transform.*translateX" --no-stash[0m

[32mâœ“ Task completed[0m
[2mChanges committed[0m

[33mâ”â”â”â”â”â”â”â”â”â”â”â”â”â”â”â”â”â”â”â”â”â”â”â”â”â”â”â”â”â”â”â”â”â”â”â”â”â”â”â”â”â”â”â”â”â”â”â”â”â”â”â”â”â”â”â”â”â”â”â”â”â”â”â”[0m
[1m[5/7] battle-003[0m
[2mStream: visual[0m

Add CSS class for active unit highlight - glowing golden border

[2mExecuting: /home/geni/Projects/ai-debate/visual-loop/auto.sh "Add CSS class for active unit highlight - glowing golden border" --context-files "battle-screen.css" --verify-code "active.*unit|unit.*active|box-shadow.*gold" --no-stash[0m

[32mâœ“ Task completed[0m

[33mâ”â”â”â”â”â”â”â”â”â”â”â”â”â”â”â”â”â”â”â”â”â”â”â”â”â”â”â”â”â”â”â”â”â”â”â”â”â”â”â”â”â”â”â”â”â”â”â”â”â”â”â”â”â”â”â”â”â”â”â”â”â”â”â”[0m
[1m[6/7] core-001[0m
[2mStream: core[0m

Add helper function selectLowHPTarget in AIService.ts that returns the unit with lowest HP percentage

[2mExecuting: /home/geni/Projects/ai-debate/visual-loop/auto.sh "Add helper function selectLowHPTarget in AIService.ts that returns the unit with lowest HP percentage" --context-files "AIService.ts,BattleService.ts" --verify-code "selectLowHPTarget|lowest.*hp|lowestHP" --no-stash[0m

[32mâœ“ Task completed[0m
[2mChanges committed[0m

[33mâ”â”â”â”â”â”â”â”â”â”â”â”â”â”â”â”â”â”â”â”â”â”â”â”â”â”â”â”â”â”â”â”â”â”â”â”â”â”â”â”â”â”â”â”â”â”â”â”â”â”â”â”â”â”â”â”â”â”â”â”â”â”â”â”[0m
[1m[7/7] polish-001[0m
[2mStream: polish[0m

Add keyboard event listener in QueueBattleView for Q key to trigger auto-attack

[2mExecuting: /home/geni/Projects/ai-debate/visual-loop/auto.sh "Add keyboard event listener in QueueBattleView for Q key to trigger auto-attack" --context-files "QueueBattleView.tsx" --verify-code "keydown|KeyQ|key.*q" --no-stash[0m

[32mâœ“ Task completed[0m
[2mChanges committed[0m


[36m[1mâ•â•â•â•â•â•â•â•â•â•â•â•â•â•â•â•â•â•â•â•â•â•â•â•â•â•â•â•â•â•â•â•â•â•â•â•â•â•â•â•â•â•â•â•â•â•â•â•â•â•â•â•â•â•â•â•â•â•â•â•â•â•â•â•[0m
[36m[1m  ORCHESTRATION COMPLETE[0m
[36m[1mâ•â•â•â•â•â•â•â•â•â•â•â•â•â•â•â•â•â•â•â•â•â•â•â•â•â•â•â•â•â•â•â•â•â•â•â•â•â•â•â•â•â•â•â•â•â•â•â•â•â•â•â•â•â•â•â•â•â•â•â•â•â•â•â•[0m

[1mResults:[0m
  Succeeded: 5
  Skipped:   0
  Failed:    0

Session log: /home/geni/Projects/ai-debate/visual-loop/runs/orchestrate_20251127_202000
Progress file: /home/geni/Projects/ai-debate/visual-loop/.orchestrate_progress
