[36m[1mâ•â•â•â•â•â•â•â•â•â•â•â•â•â•â•â•â•â•â•â•â•â•â•â•â•â•â•â•â•â•â•â•â•â•â•â•â•â•â•â•â•â•â•â•â•â•â•â•â•â•â•â•â•â•â•â•â•â•â•â•â•â•â•â•[0m
[36m[1m  AI ORCHESTRATION ENGINE[0m
[36m[1mâ•â•â•â•â•â•â•â•â•â•â•â•â•â•â•â•â•â•â•â•â•â•â•â•â•â•â•â•â•â•â•â•â•â•â•â•â•â•â•â•â•â•â•â•â•â•â•â•â•â•â•â•â•â•â•â•â•â•â•â•â•â•â•â•[0m

[1mTask file:[0m /home/geni/Projects/ai-debate/visual-loop/task_list.json
[1mTotal tasks:[0m 7
[33mDRY RUN MODE[0m

[1mProgress:[0m 5 completed, 0 failed

[33mâ”â”â”â”â”â”â”â”â”â”â”â”â”â”â”â”â”â”â”â”â”â”â”â”â”â”â”â”â”â”â”â”â”â”â”â”â”â”â”â”â”â”â”â”â”â”â”â”â”â”â”â”â”â”â”â”â”â”â”â”â”â”â”â”[0m
[1m[1/7] title-001[0m
[2mStream: visual[0m

Add a subtle shimmer effect to the 'Press Start' text on title screen - gentle opacity pulse

[2m[dry-run] Would execute: auto.sh "Add a subtle shimmer effect to the 'Press Start' text on title screen - gentle opacity pulse"[0m
[2m  --context-files "TitleScreen.tsx,TitleScreen.css"[0m
[2m  --verify-code "@keyframes.*shimmer|opacity.*animation|pulse"[0m
[33mâ”â”â”â”â”â”â”â”â”â”â”â”â”â”â”â”â”â”â”â”â”â”â”â”â”â”â”â”â”â”â”â”â”â”â”â”â”â”â”â”â”â”â”â”â”â”â”â”â”â”â”â”â”â”â”â”â”â”â”â”â”â”â”â”[0m
[1m[2/7] title-002[0m
[2mStream: visual[0m

Add a glowing border around the title text 'Vale Chronicles' using CSS box-shadow

[2m[dry-run] Would execute: auto.sh "Add a glowing border around the title text 'Vale Chronicles' using CSS box-shadow"[0m
[2m  --context-files "TitleScreen.tsx,TitleScreen.css"[0m
[2m  --verify-code "box-shadow.*glow|text-shadow"[0m
[2m[3/7] battle-001 - already completed[0m
[2m[4/7] battle-002 - already completed[0m
[2m[5/7] battle-003 - already completed[0m
[2m[6/7] core-001 - already completed[0m
[2m[7/7] polish-001 - already completed[0m

[36m[1mâ•â•â•â•â•â•â•â•â•â•â•â•â•â•â•â•â•â•â•â•â•â•â•â•â•â•â•â•â•â•â•â•â•â•â•â•â•â•â•â•â•â•â•â•â•â•â•â•â•â•â•â•â•â•â•â•â•â•â•â•â•â•â•â•[0m
[36m[1m  ORCHESTRATION COMPLETE[0m
[36m[1mâ•â•â•â•â•â•â•â•â•â•â•â•â•â•â•â•â•â•â•â•â•â•â•â•â•â•â•â•â•â•â•â•â•â•â•â•â•â•â•â•â•â•â•â•â•â•â•â•â•â•â•â•â•â•â•â•â•â•â•â•â•â•â•â•[0m

[1mResults:[0m
  Succeeded: 0
  Skipped:   5
  Failed:    0

Session log: /home/geni/Projects/ai-debate/visual-loop/runs/orchestrate_20251127_233527
Progress file: /home/geni/Projects/ai-debate/visual-loop/.orchestrate_progress
